#
# There is insufficient memory for the Java Runtime Environment to continue.
# Native memory allocation (malloc) failed to allocate 1048576 bytes for AllocateHeap
# Possible reasons:
#   The system is out of physical RAM or swap space
#   In 32 bit mode, the process size limit was hit
# Possible solutions:
#   Reduce memory load on the system
#   Increase physical memory or swap space
#   Check if swap backing store is full
#   Use 64 bit Java on a 64 bit OS
#   Decrease Java heap size (-Xmx/-Xms)
#   Decrease number of Java threads
#   Decrease Java thread stack sizes (-Xss)
#   Set larger code cache with -XX:ReservedCodeCacheSize=
# This output file may be truncated or incomplete.
#
#  Out of Memory Error (memory/allocation.inline.hpp:62), pid=284, tid=2156
#
# JRE version:  (8.0-b132) (build )
# Java VM: Java HotSpot(TM) 64-Bit Server VM (25.0-b70 mixed mode windows-amd64 compressed oops)
# Failed to write core dump. Minidumps are not enabled by default on client versions of Windows
#

---------------  T H R E A D  ---------------

Current thread (0x0000000001f3e800):  JavaThread "Unknown thread" [_thread_in_vm, id=2156, stack(0x0000000002700000,0x0000000002800000)]

Stack: [0x0000000002700000,0x0000000002800000]
[error occurred during error reporting (printing stack bounds), id 0xc0000005]

Native frames: (J=compiled Java code, j=interpreted, Vv=VM code, C=native code)
V  [jvm.dll+0x308e0a]


---------------  P R O C E S S  ---------------

Java Threads: ( => current thread )

Other Threads:

=>0x0000000001f3e800 (exited) JavaThread "Unknown thread" [_thread_in_vm, id=2156, stack(0x0000000002700000,0x0000000002800000)]

VM state:not at safepoint (normal execution)

VM Mutex/Monitor currently owned by a thread: None

Heap:
 PSYoungGen      total 1024K, used 20K [0x00000000ebb80000, 0x00000000ebd00000, 0x0000000100000000)
  eden space 512K, 4% used [0x00000000ebb80000,0x00000000ebb85288,0x00000000ebc00000)
  from space 512K, 0% used [0x00000000ebc80000,0x00000000ebc80000,0x00000000ebd00000)
  to   space 512K, 0% used [0x00000000ebc00000,0x00000000ebc00000,0x00000000ebc80000)
 ParOldGen       total 61952K, used 0K [0x00000000c3200000, 0x00000000c6e80000, 0x00000000ebb80000)
  object space 61952K, 0% used [0x00000000c3200000,0x00000000c3200000,0x00000000c6e80000)
 Metaspace       used 653K, capacity 4480K, committed 4480K, reserved 1056768K
  class space    used 66K, capacity 384K, committed 384K, reserved 1048576K

Card table byte_map: [0x0000000002bc0000,0x0000000002db0000] byte_map_base: 0x00000000025a7000

Marking Bits: (ParMarkBitMap*) 0x0000000069c813b0
 Begin Bits: [0x00000000033a0000, 0x00000000042d8000)
 End Bits:   [0x00000000042d8000, 0x0000000005210000)

Polling page: 0x00000000001a0000

CodeCache: size=245760Kb used=327Kb max_used=327Kb free=245432Kb
 bounds [0x000000000f010000, 0x000000000f280000, 0x000000001e010000]
 total_blobs=56 nmethods=0 adapters=37
 compilation: enabled

Compilation events (0 events):
No events

GC Heap History (0 events):
No events

Deoptimization events (0 events):
No events

Internal exceptions (0 events):
No events

Events (10 events):
Event: 0.024 loading class java/lang/Short
Event: 0.024 loading class java/lang/Short done
Event: 0.024 loading class java/lang/Integer
Event: 0.024 loading class java/lang/Integer done
Event: 0.024 loading class java/lang/Long
Event: 0.024 loading class java/lang/Long done
Event: 0.024 loading class java/lang/NullPointerException
Event: 0.024 loading class java/lang/NullPointerException done
Event: 0.024 loading class java/lang/ArithmeticException
Event: 0.024 loading class java/lang/ArithmeticException done


Dynamic libraries:
0x000000013ff60000 - 0x000000013ff94000 	C:\Program Files\Java\jre8\bin\javaw.exe
0x0000000077160000 - 0x0000000077309000 	C:\windows\SYSTEM32\ntdll.dll
0x0000000077040000 - 0x000000007715f000 	C:\windows\system32\kernel32.dll
0x000007fefd040000 - 0x000007fefd0ac000 	C:\windows\system32\KERNELBASE.dll
0x000007fefd750000 - 0x000007fefd82b000 	C:\windows\system32\ADVAPI32.dll
0x000007fefe3f0000 - 0x000007fefe48f000 	C:\windows\system32\msvcrt.dll
0x000007fefd3a0000 - 0x000007fefd3bf000 	C:\windows\SYSTEM32\sechost.dll
0x000007fefdd60000 - 0x000007fefde8d000 	C:\windows\system32\RPCRT4.dll
0x0000000076f40000 - 0x000000007703a000 	C:\windows\system32\USER32.dll
0x000007fefd3c0000 - 0x000007fefd427000 	C:\windows\system32\GDI32.dll
0x000007feff460000 - 0x000007feff46e000 	C:\windows\system32\LPK.dll
0x000007fefe5f0000 - 0x000007fefe6b9000 	C:\windows\system32\USP10.dll
0x000007fefb7d0000 - 0x000007fefb9c4000 	C:\windows\WinSxS\amd64_microsoft.windows.common-controls_6595b64144ccf1df_6.0.7601.17514_none_fa396087175ac9ac\COMCTL32.dll
0x000007fefdb00000 - 0x000007fefdb71000 	C:\windows\system32\SHLWAPI.dll
0x000007fefd370000 - 0x000007fefd39e000 	C:\windows\system32\IMM32.DLL
0x000007fefd430000 - 0x000007fefd539000 	C:\windows\system32\MSCTF.dll
0x000007fefcef0000 - 0x000007fefcf31000 	C:\Windows\system32\nvinitx.dll
0x000000000f000000 - 0x000000000f006000 	C:\Program Files\NVIDIA Corporation\CoProcManager\_etoured.dll
0x000007fef9e60000 - 0x000007fef9eb6000 	C:\Program Files\NVIDIA Corporation\CoProcManager\nvd3d9wrapx.dll
0x000007fefdb80000 - 0x000007fefdd57000 	C:\windows\system32\SETUPAPI.dll
0x000007fefd000000 - 0x000007fefd036000 	C:\windows\system32\CFGMGR32.dll
0x000007fefd8d0000 - 0x000007fefd9a7000 	C:\windows\system32\OLEAUT32.dll
0x000007fefd540000 - 0x000007fefd743000 	C:\windows\system32\ole32.dll
0x000007fefd2e0000 - 0x000007fefd2fa000 	C:\windows\system32\DEVOBJ.dll
0x000007fef9ac0000 - 0x000007fef9afd000 	C:\Program Files\NVIDIA Corporation\CoProcManager\nvdxgiwrapx.dll
0x000000006b040000 - 0x000000006b112000 	C:\Program Files\Java\jre8\bin\msvcr100.dll
0x00000000694d0000 - 0x0000000069cfa000 	C:\Program Files\Java\jre8\bin\server\jvm.dll
0x000007fefaf10000 - 0x000007fefaf19000 	C:\windows\system32\WSOCK32.dll
0x000007fefd9d0000 - 0x000007fefda1d000 	C:\windows\system32\WS2_32.dll
0x000007feff450000 - 0x000007feff458000 	C:\windows\system32\NSI.dll
0x000007fefa9d0000 - 0x000007fefaa0b000 	C:\windows\system32\WINMM.dll
0x0000000077320000 - 0x0000000077327000 	C:\windows\system32\PSAPI.DLL
0x0000000070d70000 - 0x0000000070d7f000 	C:\Program Files\Java\jre8\bin\verify.dll
0x000000006b2f0000 - 0x000000006b318000 	C:\Program Files\Java\jre8\bin\java.dll
0x000000006b360000 - 0x000000006b376000 	C:\Program Files\Java\jre8\bin\zip.dll

VM Arguments:
jvm_args: -Dfile.encoding=GBK 
java_command: calculator.console
java_class_path (initial): D:\×ÊÁÏ\´úÂë\java\calculator\bin
Launcher Type: SUN_STANDARD

Environment Variables:
CLASSPATH=.;C:\Program Files (x86)\QuickTime\QTSystem\QTJava.zip
PATH=C:\Program Files (x86)\Borland\Delphi7\Bin;C:\Program Files (x86)\Borland\Delphi7\Projects\Bpl\;C:\Program Files (x86)\NVIDIA Corporation\PhysX\Common;C:\Program Files (x86)\Intel\iCLS Client\;C:\Program Files\Intel\iCLS Client\;C:\Program Files\Common Files\Microsoft Shared\Windows Live;C:\Program Files (x86)\Common Files\Microsoft Shared\Windows Live;C:\windows\system32;C:\windows;C:\windows\System32\Wbem;C:\windows\System32\WindowsPowerShell\v1.0\;C:\Program Files (x86)\Windows Live\Shared;C:\Program Files (x86)\Intel\OpenCL SDK\2.0\bin\x86;C:\Program Files (x86)\Intel\OpenCL SDK\2.0\bin\x64;C:\Program Files\Intel\Intel(R) Management Engine Components\DAL;C:\Program Files\Intel\Intel(R) Management Engine Components\IPT;C:\Program Files (x86)\Intel\Intel(R) Management Engine Components\DAL;C:\Program Files (x86)\Intel\Intel(R) Management Engine Components\IPT;C:\Program Files (x86)\QuickTime\QTSystem\;;C:\Program Files\TortoiseSVN\bin;C:\Program Files (x86)\Java\jre7\bin;C:\Program Files (x86)\Microsoft Visual Studio\Common\Tools\WinNT;C:\Program Files (x86)\Microsoft Visual Studio\Common\MSDev98\Bin;C:\Program Files (x86)\Microsoft Visual Studio\Common\Tools;C:\Program Files (x86)\Microsoft Visual Studio\VC98\bin;Masm32Dir\Bin;Masm32Dir;PATH;C:\Program Files (x86)\Java\jre7\bin
USERNAME=acer
OS=Windows_NT
PROCESSOR_IDENTIFIER=Intel64 Family 6 Model 58 Stepping 9, GenuineIntel



---------------  S Y S T E M  ---------------

OS: Windows 7 , 64 bit Build 7601 Service Pack 1

CPU:total 4 (2 cores per cpu, 2 threads per core) family 6 model 58 stepping 9, cmov, cx8, fxsr, mmx, sse, sse2, sse3, ssse3, sse4.1, sse4.2, popcnt, avx, aes, clmul, erms, ht, tsc, tscinvbit

Memory: 4k page, physical 3984996k(1627536k free), swap 3983144k(5208k free)

vm_info: Java HotSpot(TM) 64-Bit Server VM (25.0-b70) for windows-amd64 JRE (1.8.0-b132), built on Mar  4 2014 03:46:18 by "java_re" with MS VC++ 10.0 (VS2010)

time: Wed Mar 26 19:39:48 2014
elapsed time: 0 seconds

